<?xml version="1.0" encoding="UTF-8"?>
<!-- Generated by org.testng.reporters.JUnitXMLReporter -->
<testsuite ignored="0" hostname="LAPTOP-DCH1U2PQ" failures="0" tests="3" name="Default test" time="0.08" errors="0" timestamp="2025-06-10T22:21:50 IST">
  <testcase classname="com.nithin.tests.DemoTest" name="test1" time="0.012"/>
  <testcase classname="com.nithin.tests.DemoTest" name="test2" time="0.002"/>
  <testcase classname="com.nithin.tests.DemoTest" name="test3" time="0.002"/>
</testsuite> <!-- Default test -->
