<?xml version="1.0" encoding="UTF-8"?>
<testng-results ignored="0" total="2" passed="2" failed="0" skipped="0">
  <reporter-output>
  </reporter-output>
  <suite started-at="2025-06-21T17:20:35 IST" name="Suite" finished-at="2025-06-21T17:20:40 IST" duration-ms="4687">
    <groups>
    </groups>
    <test started-at="2025-06-21T17:20:35 IST" name="Test" finished-at="2025-06-21T17:20:40 IST" duration-ms="4687">
      <class name="com.nithin.tests.LoginPageTest">
        <test-method is-config="true" signature="setUp()[pri:0, instance:com.nithin.tests.LoginPageTest@292b08d6]" started-at="2025-06-21T17:20:35 IST" name="setUp" finished-at="2025-06-21T17:20:39 IST" duration-ms="3626" status="PASS">
          <reporter-output>
          </reporter-output>
        </test-method> <!-- setUp -->
        <test-method signature="test1()[pri:0, instance:com.nithin.tests.LoginPageTest@292b08d6]" started-at="2025-06-21T17:20:39 IST" name="test1" finished-at="2025-06-21T17:20:39 IST" duration-ms="309" status="PASS">
          <reporter-output>
          </reporter-output>
        </test-method> <!-- test1 -->
        <test-method is-config="true" signature="tearDown()[pri:0, instance:com.nithin.tests.LoginPageTest@292b08d6]" started-at="2025-06-21T17:20:39 IST" name="tearDown" finished-at="2025-06-21T17:20:40 IST" duration-ms="690" status="PASS">
          <reporter-output>
          </reporter-output>
        </test-method> <!-- tearDown -->
      </class> <!-- com.nithin.tests.LoginPageTest -->
      <class name="com.nithin.tests.HomePageTest">
        <test-method is-config="true" signature="setUp()[pri:0, instance:com.nithin.tests.HomePageTest@31304f14]" started-at="2025-06-21T17:20:35 IST" name="setUp" finished-at="2025-06-21T17:20:39 IST" duration-ms="3405" status="PASS">
          <reporter-output>
          </reporter-output>
        </test-method> <!-- setUp -->
        <test-method signature="test2()[pri:0, instance:com.nithin.tests.HomePageTest@31304f14]" started-at="2025-06-21T17:20:39 IST" name="test2" finished-at="2025-06-21T17:20:39 IST" duration-ms="364" status="PASS">
          <reporter-output>
          </reporter-output>
        </test-method> <!-- test2 -->
        <test-method is-config="true" signature="tearDown()[pri:0, instance:com.nithin.tests.HomePageTest@31304f14]" started-at="2025-06-21T17:20:39 IST" name="tearDown" finished-at="2025-06-21T17:20:40 IST" duration-ms="758" status="PASS">
          <reporter-output>
          </reporter-output>
        </test-method> <!-- tearDown -->
      </class> <!-- com.nithin.tests.HomePageTest -->
    </test> <!-- Test -->
  </suite> <!-- Suite -->
</testng-results>
