<?xml version="1.0" encoding="UTF-8"?>
<testng-results ignored="0" total="3" passed="3" failed="0" skipped="0">
  <reporter-output>
  </reporter-output>
  <suite started-at="2025-06-10T22:21:50 IST" name="Default suite" finished-at="2025-06-10T22:21:50 IST" duration-ms="80">
    <groups>
    </groups>
    <test started-at="2025-06-10T22:21:50 IST" name="Default test" finished-at="2025-06-10T22:21:50 IST" duration-ms="80">
      <class name="com.nithin.tests.DemoTest">
        <test-method signature="test1()[pri:0, instance:com.nithin.tests.DemoTest@3349e9bb]" started-at="2025-06-10T22:21:50 IST" name="test1" finished-at="2025-06-10T22:21:50 IST" duration-ms="12" status="PASS">
          <reporter-output>
          </reporter-output>
        </test-method> <!-- test1 -->
        <test-method signature="test2()[pri:0, instance:com.nithin.tests.DemoTest@3349e9bb]" started-at="2025-06-10T22:21:50 IST" name="test2" finished-at="2025-06-10T22:21:50 IST" duration-ms="2" status="PASS">
          <reporter-output>
          </reporter-output>
        </test-method> <!-- test2 -->
        <test-method signature="test3()[pri:0, instance:com.nithin.tests.DemoTest@3349e9bb]" started-at="2025-06-10T22:21:50 IST" name="test3" finished-at="2025-06-10T22:21:50 IST" duration-ms="2" status="PASS">
          <reporter-output>
          </reporter-output>
        </test-method> <!-- test3 -->
      </class> <!-- com.nithin.tests.DemoTest -->
    </test> <!-- Default test -->
  </suite> <!-- Default suite -->
</testng-results>
